Build started 02/09/2017 20:12:32.
     1>Project "C:\Users\Zuzu\Desktop\זהר\אפקה\שנה ג\סמסטר קיץ\מחשוב מקבילי ומבוזר\תרגילים\4\Sort\InitialProject\InitialProject.vcxproj" on node 2 (Build target(s)).
     1>ClCompile:
         C:\Program Files (x86)\Microsoft Visual Studio 11.0\VC\bin\CL.exe /c /I"C:\Program Files (x86)\MPICH2\include" /ZI /nologo /W3 /WX- /Od /Oy- /D _MBCS /Gm /EHsc /RTC1 /MDd /GS /fp:precise /Zc:wchar_t /Zc:forScope /Fo"Debug\\" /Fd"Debug\vc110.pdb" /Gd /TP /analyze- /errorReport:prompt Sort.cpp
         Sort.cpp
     1>c:\users\zuzu\desktop\זהר\אפקה\שנה ג\סמסטר קיץ\מחשוב מקבילי ומבוזר\תרגילים\4\sort\initialproject\sort.cpp(27): warning C4996: 'fopen': This function or variable may be unsafe. Consider using fopen_s instead. To disable deprecation, use _CRT_SECURE_NO_WARNINGS. See online help for details.
                 c:\program files (x86)\microsoft visual studio 11.0\vc\include\stdio.h(218) : see declaration of 'fopen'
     1>c:\users\zuzu\desktop\זהר\אפקה\שנה ג\סמסטר קיץ\מחשוב מקבילי ומבוזר\תרגילים\4\sort\initialproject\sort.cpp(32): warning C4996: 'fscanf': This function or variable may be unsafe. Consider using fscanf_s instead. To disable deprecation, use _CRT_SECURE_NO_WARNINGS. See online help for details.
                 c:\program files (x86)\microsoft visual studio 11.0\vc\include\stdio.h(237) : see declaration of 'fscanf'
     1>c:\users\zuzu\desktop\זהר\אפקה\שנה ג\סמסטר קיץ\מחשוב מקבילי ומבוזר\תרגילים\4\sort\initialproject\sort.cpp(40): warning C4996: 'fscanf': This function or variable may be unsafe. Consider using fscanf_s instead. To disable deprecation, use _CRT_SECURE_NO_WARNINGS. See online help for details.
                 c:\program files (x86)\microsoft visual studio 11.0\vc\include\stdio.h(237) : see declaration of 'fscanf'
     1>c:\users\zuzu\desktop\זהר\אפקה\שנה ג\סמסטר קיץ\מחשוב מקבילי ומבוזר\תרגילים\4\sort\initialproject\sort.cpp(41): warning C4996: 'fscanf': This function or variable may be unsafe. Consider using fscanf_s instead. To disable deprecation, use _CRT_SECURE_NO_WARNINGS. See online help for details.
                 c:\program files (x86)\microsoft visual studio 11.0\vc\include\stdio.h(237) : see declaration of 'fscanf'
     1>c:\users\zuzu\desktop\זהר\אפקה\שנה ג\סמסטר קיץ\מחשוב מקבילי ומבוזר\תרגילים\4\sort\initialproject\sort.cpp(234): warning C4244: '=' : conversion from 'double' to 'int', possible loss of data
     1>c:\users\zuzu\desktop\זהר\אפקה\שנה ג\סמסטר קיץ\מחשוב מקבילי ומבוזר\תרגילים\4\sort\initialproject\sort.cpp(252): warning C4244: 'argument' : conversion from 'float' to 'int', possible loss of data
     1>c:\users\zuzu\desktop\זהר\אפקה\שנה ג\סמסטר קיץ\מחשוב מקבילי ומבוזר\תרגילים\4\sort\initialproject\sort.cpp(287): warning C4244: 'initializing' : conversion from 'float' to 'int', possible loss of data
       Link:
         C:\Program Files (x86)\Microsoft Visual Studio 11.0\VC\bin\link.exe /ERRORREPORT:PROMPT /OUT:"C:\Users\Zuzu\Desktop\זהר\אפקה\שנה ג\סמסטר קיץ\מחשוב מקבילי ומבוזר\תרגילים\4\Sort\Debug\Sort.exe" /INCREMENTAL /NOLOGO /LIBPATH:"C:\Program Files (x86)\MPICH2\lib" kernel32.lib user32.lib gdi32.lib winspool.lib comdlg32.lib advapi32.lib shell32.lib ole32.lib oleaut32.lib uuid.lib odbc32.lib odbccp32.lib mpi.lib kernel32.lib user32.lib gdi32.lib winspool.lib comdlg32.lib advapi32.lib shell32.lib ole32.lib oleaut32.lib uuid.lib odbc32.lib odbccp32.lib /MANIFEST /MANIFESTUAC:"level='asInvoker' uiAccess='false'" /manifest:embed /DEBUG /PDB:"C:\Users\Zuzu\Desktop\זהר\אפקה\שנה ג\סמסטר קיץ\מחשוב מקבילי ומבוזר\תרגילים\4\Sort\Debug\Sort.pdb" /SUBSYSTEM:CONSOLE /TLBID:1 /DYNAMICBASE /NXCOMPAT /IMPLIB:"C:\Users\Zuzu\Desktop\זהר\אפקה\שנה ג\סמסטר קיץ\מחשוב מקבילי ומבוזר\תרגילים\4\Sort\Debug\Sort.lib" /MACHINE:X86 Debug\Sort.obj
         InitialProject.vcxproj -> C:\Users\Zuzu\Desktop\זהר\אפקה\שנה ג\סמסטר קיץ\מחשוב מקבילי ומבוזר\תרגילים\4\Sort\Debug\Sort.exe
     1>Done Building Project "C:\Users\Zuzu\Desktop\זהר\אפקה\שנה ג\סמסטר קיץ\מחשוב מקבילי ומבוזר\תרגילים\4\Sort\InitialProject\InitialProject.vcxproj" (Build target(s)).

Build succeeded.

Time Elapsed 00:00:00.46
